# JRE version: Java(TM) SE Runtime Environment (8.0_191-b12) (build 1.8.0_191-b12)
# Java VM: Java HotSpot(TM) 64-Bit Server VM (25.191-b12 mixed mode windows-amd64 compressed oops)
Heap:
 PSYoungGen      total 419328K, used 33450K [0x000000076af00000, 0x000000079df00000, 0x00000007c0000000)
  eden space 418816K, 7% used [0x000000076af00000,0x000000076cf8a928,0x0000000784800000)
  from space 512K, 25% used [0x000000079de80000,0x000000079dea0000,0x000000079df00000)
  to   space 4096K, 0% used [0x000000079d700000,0x000000079d700000,0x000000079db00000)
 ParOldGen       total 175104K, used 2686K [0x00000006c0c00000, 0x00000006cb700000, 0x000000076af00000)
  object space 175104K, 1% used [0x00000006c0c00000,0x00000006c0e9f978,0x00000006cb700000)
 Metaspace       used 16443K, capacity 16720K, committed 17024K, reserved 1064960K
  class space    used 2081K, capacity 2166K, committed 2176K, reserved 1048576K
GC Heap History (10 events):
Event: 14.989 GC heap before
{Heap before GC invocations=10 (full 0):
 PSYoungGen      total 527872K, used 523872K [0x000000076af00000, 0x000000079e980000, 0x00000007c0000000)
  eden space 523776K, 100% used [0x000000076af00000,0x000000078ae80000,0x000000078ae80000)
  from space 4096K, 2% used [0x000000078ae80000,0x000000078ae98000,0x000000078b280000)
  to   space 4096K, 0% used [0x000000079e580000,0x000000079e580000,0x000000079e980000)
 ParOldGen       total 175104K, used 2638K [0x00000006c0c00000, 0x00000006cb700000, 0x000000076af00000)
  object space 175104K, 1% used [0x00000006c0c00000,0x00000006c0e93978,0x00000006cb700000)
 Metaspace       used 16411K, capacity 16656K, committed 17024K, reserved 1064960K
  class space    used 2081K, capacity 2166K, committed 2176K, reserved 1048576K
Event: 14.989 GC heap after
Heap after GC invocations=10 (full 0):
 PSYoungGen      total 501248K, used 96K [0x000000076af00000, 0x000000079e600000, 0x00000007c0000000)
  eden space 500736K, 0% used [0x000000076af00000,0x000000076af00000,0x0000000789800000)
  from space 512K, 18% used [0x000000079e580000,0x000000079e598000,0x000000079e600000)
  to   space 4096K, 0% used [0x000000079de00000,0x000000079de00000,0x000000079e200000)
 ParOldGen       total 175104K, used 2654K [0x00000006c0c00000, 0x00000006cb700000, 0x000000076af00000)
  object space 175104K, 1% used [0x00000006c0c00000,0x00000006c0e97978,0x00000006cb700000)
 Metaspace       used 16411K, capacity 16656K, committed 17024K, reserved 1064960K
  class space    used 2081K, capacity 2166K, committed 2176K, reserved 1048576K
}
Event: 15.524 GC heap before
{Heap before GC invocations=11 (full 0):
 PSYoungGen      total 501248K, used 500832K [0x000000076af00000, 0x000000079e600000, 0x00000007c0000000)
  eden space 500736K, 100% used [0x000000076af00000,0x0000000789800000,0x0000000789800000)
  from space 512K, 18% used [0x000000079e580000,0x000000079e598000,0x000000079e600000)
  to   space 4096K, 0% used [0x000000079de00000,0x000000079de00000,0x000000079e200000)
 ParOldGen       total 175104K, used 2654K [0x00000006c0c00000, 0x00000006cb700000, 0x000000076af00000)
  object space 175104K, 1% used [0x00000006c0c00000,0x00000006c0e97978,0x00000006cb700000)
 Metaspace       used 16411K, capacity 16656K, committed 17024K, reserved 1064960K
  class space    used 2081K, capacity 2166K, committed 2176K, reserved 1048576K
Event: 15.524 GC heap after
Heap after GC invocations=11 (full 0):
 PSYoungGen      total 482816K, used 96K [0x000000076af00000, 0x000000079e600000, 0x00000007c0000000)
  eden space 478720K, 0% used [0x000000076af00000,0x000000076af00000,0x0000000788280000)
  from space 4096K, 2% used [0x000000079de00000,0x000000079de18000,0x000000079e200000)
  to   space 4096K, 0% used [0x000000079e200000,0x000000079e200000,0x000000079e600000)
 ParOldGen       total 175104K, used 2662K [0x00000006c0c00000, 0x00000006cb700000, 0x000000076af00000)
  object space 175104K, 1% used [0x00000006c0c00000,0x00000006c0e99978,0x00000006cb700000)
 Metaspace       used 16411K, capacity 16656K, committed 17024K, reserved 1064960K
  class space    used 2081K, capacity 2166K, committed 2176K, reserved 1048576K
}
Event: 16.037 GC heap before
{Heap before GC invocations=12 (full 0):
 PSYoungGen      total 482816K, used 478816K [0x000000076af00000, 0x000000079e600000, 0x00000007c0000000)
  eden space 478720K, 100% used [0x000000076af00000,0x0000000788280000,0x0000000788280000)
  from space 4096K, 2% used [0x000000079de00000,0x000000079de18000,0x000000079e200000)
  to   space 4096K, 0% used [0x000000079e200000,0x000000079e200000,0x000000079e600000)
 ParOldGen       total 175104K, used 2662K [0x00000006c0c00000, 0x00000006cb700000, 0x000000076af00000)
  object space 175104K, 1% used [0x00000006c0c00000,0x00000006c0e99978,0x00000006cb700000)
 Metaspace       used 16411K, capacity 16656K, committed 17024K, reserved 1064960K
  class space    used 2081K, capacity 2166K, committed 2176K, reserved 1048576K
Event: 16.037 GC heap after
Heap after GC invocations=12 (full 0):
 PSYoungGen      total 458240K, used 96K [0x000000076af00000, 0x000000079e280000, 0x00000007c0000000)
  eden space 457728K, 0% used [0x000000076af00000,0x000000076af00000,0x0000000786e00000)
  from space 512K, 18% used [0x000000079e200000,0x000000079e218000,0x000000079e280000)
  to   space 4096K, 0% used [0x000000079da80000,0x000000079da80000,0x000000079de80000)
 ParOldGen       total 175104K, used 2662K [0x00000006c0c00000, 0x00000006cb700000, 0x000000076af00000)
  object space 175104K, 1% used [0x00000006c0c00000,0x00000006c0e99978,0x00000006cb700000)
 Metaspace       used 16411K, capacity 16656K, committed 17024K, reserved 1064960K
  class space    used 2081K, capacity 2166K, committed 2176K, reserved 1048576K
}
Event: 16.608 GC heap before
{Heap before GC invocations=13 (full 0):
 PSYoungGen      total 458240K, used 457824K [0x000000076af00000, 0x000000079e280000, 0x00000007c0000000)
  eden space 457728K, 100% used [0x000000076af00000,0x0000000786e00000,0x0000000786e00000)
  from space 512K, 18% used [0x000000079e200000,0x000000079e218000,0x000000079e280000)
  to   space 4096K, 0% used [0x000000079da80000,0x000000079da80000,0x000000079de80000)
 ParOldGen       total 175104K, used 2662K [0x00000006c0c00000, 0x00000006cb700000, 0x000000076af00000)
  object space 175104K, 1% used [0x00000006c0c00000,0x00000006c0e99978,0x00000006cb700000)
 Metaspace       used 16428K, capacity 16656K, committed 17024K, reserved 1064960K
  class space    used 2081K, capacity 2166K, committed 2176K, reserved 1048576K
Event: 16.608 GC heap after
Heap after GC invocations=13 (full 0):
 PSYoungGen      total 441856K, used 160K [0x000000076af00000, 0x000000079e280000, 0x00000007c0000000)
  eden space 437760K, 0% used [0x000000076af00000,0x000000076af00000,0x0000000785a80000)
  from space 4096K, 3% used [0x000000079da80000,0x000000079daa8000,0x000000079de80000)
  to   space 4096K, 0% used [0x000000079de80000,0x000000079de80000,0x000000079e280000)
 ParOldGen       total 175104K, used 2662K [0x00000006c0c00000, 0x00000006cb700000, 0x000000076af00000)
  object space 175104K, 1% used [0x00000006c0c00000,0x00000006c0e99978,0x00000006cb700000)
 Metaspace       used 16428K, capacity 16656K, committed 17024K, reserved 1064960K
  class space    used 2081K, capacity 2166K, committed 2176K, reserved 1048576K
}
Event: 17.139 GC heap before
{Heap before GC invocations=14 (full 0):
 PSYoungGen      total 441856K, used 437920K [0x000000076af00000, 0x000000079e280000, 0x00000007c0000000)
  eden space 437760K, 100% used [0x000000076af00000,0x0000000785a80000,0x0000000785a80000)
  from space 4096K, 3% used [0x000000079da80000,0x000000079daa8000,0x000000079de80000)
  to   space 4096K, 0% used [0x000000079de80000,0x000000079de80000,0x000000079e280000)
 ParOldGen       total 175104K, used 2662K [0x00000006c0c00000, 0x00000006cb700000, 0x000000076af00000)
  object space 175104K, 1% used [0x00000006c0c00000,0x00000006c0e99978,0x00000006cb700000)
 Metaspace       used 16443K, capacity 16720K, committed 17024K, reserved 1064960K
  class space    used 2081K, capacity 2166K, committed 2176K, reserved 1048576K
Event: 17.140 GC heap after
Heap after GC invocations=14 (full 0):
 PSYoungGen      total 419328K, used 128K [0x000000076af00000, 0x000000079df00000, 0x00000007c0000000)
  eden space 418816K, 0% used [0x000000076af00000,0x000000076af00000,0x0000000784800000)
  from space 512K, 25% used [0x000000079de80000,0x000000079dea0000,0x000000079df00000)
  to   space 4096K, 0% used [0x000000079d700000,0x000000079d700000,0x000000079db00000)
 ParOldGen       total 175104K, used 2686K [0x00000006c0c00000, 0x00000006cb700000, 0x000000076af00000)
  object space 175104K, 1% used [0x00000006c0c00000,0x00000006c0e9f978,0x00000006cb700000)
 Metaspace       used 16443K, capacity 16720K, committed 17024K, reserved 1064960K
  class space    used 2081K, capacity 2166K, committed 2176K, reserved 1048576K
}

