# JRE version: Java(TM) SE Runtime Environment (8.0_191-b12) (build 1.8.0_191-b12)
# Java VM: Java HotSpot(TM) 64-Bit Server VM (25.191-b12 mixed mode windows-amd64 compressed oops)
Heap:
 PSYoungGen      total 57344K, used 14839K [0x000000076af00000, 0x0000000789780000, 0x00000007c0000000)
  eden space 56832K, 25% used [0x000000076af00000,0x000000076bd6dfd8,0x000000076e680000)
  from space 512K, 12% used [0x0000000789700000,0x0000000789710000,0x0000000789780000)
  to   space 512K, 0% used [0x0000000789680000,0x0000000789680000,0x0000000789700000)
 ParOldGen       total 175104K, used 6314K [0x00000006c0c00000, 0x00000006cb700000, 0x000000076af00000)
  object space 175104K, 3% used [0x00000006c0c00000,0x00000006c122a8f0,0x00000006cb700000)
 Metaspace       used 13923K, capacity 14208K, committed 14336K, reserved 1062912K
  class space    used 1698K, capacity 1786K, committed 1792K, reserved 1048576K
GC Heap History (10 events):
Event: 159.360 GC heap before
{Heap before GC invocations=1758 (full 0):
 PSYoungGen      total 62464K, used 62016K [0x000000076af00000, 0x0000000789780000, 0x00000007c0000000)
  eden space 61952K, 100% used [0x000000076af00000,0x000000076eb80000,0x000000076eb80000)
  from space 512K, 12% used [0x0000000789680000,0x0000000789690000,0x0000000789700000)
  to   space 512K, 0% used [0x0000000789700000,0x0000000789700000,0x0000000789780000)
 ParOldGen       total 175104K, used 6314K [0x00000006c0c00000, 0x00000006cb700000, 0x000000076af00000)
  object space 175104K, 3% used [0x00000006c0c00000,0x00000006c122a8f0,0x00000006cb700000)
 Metaspace       used 13923K, capacity 14208K, committed 14336K, reserved 1062912K
  class space    used 1698K, capacity 1786K, committed 1792K, reserved 1048576K
Event: 159.361 GC heap after
Heap after GC invocations=1758 (full 0):
 PSYoungGen      total 61440K, used 64K [0x000000076af00000, 0x0000000789780000, 0x00000007c0000000)
  eden space 60928K, 0% used [0x000000076af00000,0x000000076af00000,0x000000076ea80000)
  from space 512K, 12% used [0x0000000789700000,0x0000000789710000,0x0000000789780000)
  to   space 512K, 0% used [0x0000000789680000,0x0000000789680000,0x0000000789700000)
 ParOldGen       total 175104K, used 6314K [0x00000006c0c00000, 0x00000006cb700000, 0x000000076af00000)
  object space 175104K, 3% used [0x00000006c0c00000,0x00000006c122a8f0,0x00000006cb700000)
 Metaspace       used 13923K, capacity 14208K, committed 14336K, reserved 1062912K
  class space    used 1698K, capacity 1786K, committed 1792K, reserved 1048576K
}
Event: 159.420 GC heap before
{Heap before GC invocations=1759 (full 0):
 PSYoungGen      total 61440K, used 60992K [0x000000076af00000, 0x0000000789780000, 0x00000007c0000000)
  eden space 60928K, 100% used [0x000000076af00000,0x000000076ea80000,0x000000076ea80000)
  from space 512K, 12% used [0x0000000789700000,0x0000000789710000,0x0000000789780000)
  to   space 512K, 0% used [0x0000000789680000,0x0000000789680000,0x0000000789700000)
 ParOldGen       total 175104K, used 6314K [0x00000006c0c00000, 0x00000006cb700000, 0x000000076af00000)
  object space 175104K, 3% used [0x00000006c0c00000,0x00000006c122a8f0,0x00000006cb700000)
 Metaspace       used 13923K, capacity 14208K, committed 14336K, reserved 1062912K
  class space    used 1698K, capacity 1786K, committed 1792K, reserved 1048576K
Event: 159.421 GC heap after
Heap after GC invocations=1759 (full 0):
 PSYoungGen      total 60416K, used 64K [0x000000076af00000, 0x0000000789780000, 0x00000007c0000000)
  eden space 59904K, 0% used [0x000000076af00000,0x000000076af00000,0x000000076e980000)
  from space 512K, 12% used [0x0000000789680000,0x0000000789690000,0x0000000789700000)
  to   space 512K, 0% used [0x0000000789700000,0x0000000789700000,0x0000000789780000)
 ParOldGen       total 175104K, used 6314K [0x00000006c0c00000, 0x00000006cb700000, 0x000000076af00000)
  object space 175104K, 3% used [0x00000006c0c00000,0x00000006c122a8f0,0x00000006cb700000)
 Metaspace       used 13923K, capacity 14208K, committed 14336K, reserved 1062912K
  class space    used 1698K, capacity 1786K, committed 1792K, reserved 1048576K
}
Event: 159.478 GC heap before
{Heap before GC invocations=1760 (full 0):
 PSYoungGen      total 60416K, used 59968K [0x000000076af00000, 0x0000000789780000, 0x00000007c0000000)
  eden space 59904K, 100% used [0x000000076af00000,0x000000076e980000,0x000000076e980000)
  from space 512K, 12% used [0x0000000789680000,0x0000000789690000,0x0000000789700000)
  to   space 512K, 0% used [0x0000000789700000,0x0000000789700000,0x0000000789780000)
 ParOldGen       total 175104K, used 6314K [0x00000006c0c00000, 0x00000006cb700000, 0x000000076af00000)
  object space 175104K, 3% used [0x00000006c0c00000,0x00000006c122a8f0,0x00000006cb700000)
 Metaspace       used 13923K, capacity 14208K, committed 14336K, reserved 1062912K
  class space    used 1698K, capacity 1786K, committed 1792K, reserved 1048576K
Event: 159.479 GC heap after
Heap after GC invocations=1760 (full 0):
 PSYoungGen      total 59392K, used 64K [0x000000076af00000, 0x0000000789780000, 0x00000007c0000000)
  eden space 58880K, 0% used [0x000000076af00000,0x000000076af00000,0x000000076e880000)
  from space 512K, 12% used [0x0000000789700000,0x0000000789710000,0x0000000789780000)
  to   space 512K, 0% used [0x0000000789680000,0x0000000789680000,0x0000000789700000)
 ParOldGen       total 175104K, used 6314K [0x00000006c0c00000, 0x00000006cb700000, 0x000000076af00000)
  object space 175104K, 3% used [0x00000006c0c00000,0x00000006c122a8f0,0x00000006cb700000)
 Metaspace       used 13923K, capacity 14208K, committed 14336K, reserved 1062912K
  class space    used 1698K, capacity 1786K, committed 1792K, reserved 1048576K
}
Event: 159.536 GC heap before
{Heap before GC invocations=1761 (full 0):
 PSYoungGen      total 59392K, used 58944K [0x000000076af00000, 0x0000000789780000, 0x00000007c0000000)
  eden space 58880K, 100% used [0x000000076af00000,0x000000076e880000,0x000000076e880000)
  from space 512K, 12% used [0x0000000789700000,0x0000000789710000,0x0000000789780000)
  to   space 512K, 0% used [0x0000000789680000,0x0000000789680000,0x0000000789700000)
 ParOldGen       total 175104K, used 6314K [0x00000006c0c00000, 0x00000006cb700000, 0x000000076af00000)
  object space 175104K, 3% used [0x00000006c0c00000,0x00000006c122a8f0,0x00000006cb700000)
 Metaspace       used 13923K, capacity 14208K, committed 14336K, reserved 1062912K
  class space    used 1698K, capacity 1786K, committed 1792K, reserved 1048576K
Event: 159.536 GC heap after
Heap after GC invocations=1761 (full 0):
 PSYoungGen      total 58368K, used 64K [0x000000076af00000, 0x0000000789780000, 0x00000007c0000000)
  eden space 57856K, 0% used [0x000000076af00000,0x000000076af00000,0x000000076e780000)
  from space 512K, 12% used [0x0000000789680000,0x0000000789690000,0x0000000789700000)
  to   space 512K, 0% used [0x0000000789700000,0x0000000789700000,0x0000000789780000)
 ParOldGen       total 175104K, used 6314K [0x00000006c0c00000, 0x00000006cb700000, 0x000000076af00000)
  object space 175104K, 3% used [0x00000006c0c00000,0x00000006c122a8f0,0x00000006cb700000)
 Metaspace       used 13923K, capacity 14208K, committed 14336K, reserved 1062912K
  class space    used 1698K, capacity 1786K, committed 1792K, reserved 1048576K
}
Event: 159.592 GC heap before
{Heap before GC invocations=1762 (full 0):
 PSYoungGen      total 58368K, used 57920K [0x000000076af00000, 0x0000000789780000, 0x00000007c0000000)
  eden space 57856K, 100% used [0x000000076af00000,0x000000076e780000,0x000000076e780000)
  from space 512K, 12% used [0x0000000789680000,0x0000000789690000,0x0000000789700000)
  to   space 512K, 0% used [0x0000000789700000,0x0000000789700000,0x0000000789780000)
 ParOldGen       total 175104K, used 6314K [0x00000006c0c00000, 0x00000006cb700000, 0x000000076af00000)
  object space 175104K, 3% used [0x00000006c0c00000,0x00000006c122a8f0,0x00000006cb700000)
 Metaspace       used 13923K, capacity 14208K, committed 14336K, reserved 1062912K
  class space    used 1698K, capacity 1786K, committed 1792K, reserved 1048576K
Event: 159.593 GC heap after
Heap after GC invocations=1762 (full 0):
 PSYoungGen      total 57344K, used 64K [0x000000076af00000, 0x0000000789780000, 0x00000007c0000000)
  eden space 56832K, 0% used [0x000000076af00000,0x000000076af00000,0x000000076e680000)
  from space 512K, 12% used [0x0000000789700000,0x0000000789710000,0x0000000789780000)
  to   space 512K, 0% used [0x0000000789680000,0x0000000789680000,0x0000000789700000)
 ParOldGen       total 175104K, used 6314K [0x00000006c0c00000, 0x00000006cb700000, 0x000000076af00000)
  object space 175104K, 3% used [0x00000006c0c00000,0x00000006c122a8f0,0x00000006cb700000)
 Metaspace       used 13923K, capacity 14208K, committed 14336K, reserved 1062912K
  class space    used 1698K, capacity 1786K, committed 1792K, reserved 1048576K
}

